2022/09/20 13:57:17 [INFO] Packer version: 1.7.8 [go1.17.2 darwin amd64]
2022/09/20 13:57:17 Old default config directory found: /Users/wolfgang.huse/.packer.d
2022/09/20 13:57:17 [TRACE] discovering plugins in /usr/local/bin
2022/09/20 13:57:17 Old default config directory found: /Users/wolfgang.huse/.packer.d
2022/09/20 13:57:17 [TRACE] discovering plugins in /Users/wolfgang.huse/.packer.d/plugins
2022/09/20 13:57:17 [DEBUG] Discovered plugin: goss = /Users/wolfgang.huse/.packer.d/plugins/packer-provisioner-goss
2022/09/20 13:57:17 using external provisioners [goss]
2022/09/20 13:57:17 [DEBUG] Discovered plugin: nutanix = /Users/wolfgang.huse/.packer.d/plugins/packer-plugin-nutanix
2022/09/20 13:57:17 [DEBUG] Discovered plugin: scaffolding = /Users/wolfgang.huse/.packer.d/plugins/packer-plugin-scaffolding
2022/09/20 13:57:18 [INFO] found external [-packer-default-plugin-name-] builders from nutanix plugin
2022/09/20 13:57:18 [INFO] found external [-packer-default-plugin-name-] builders from scaffolding plugin
2022/09/20 13:57:18 [TRACE] discovering plugins in .
2022/09/20 13:57:18 [INFO] PACKER_CONFIG env var not set; checking the default config file path
2022/09/20 13:57:18 [INFO] PACKER_CONFIG env var set; attempting to open config file: /Users/wolfgang.huse/.packerconfig
2022/09/20 13:57:18 [WARN] Config file doesn't exist: /Users/wolfgang.huse/.packerconfig
2022/09/20 13:57:18 Old default config directory found: /Users/wolfgang.huse/.packer.d
2022/09/20 13:57:18 [INFO] Setting cache directory: /Users/wolfgang.huse/.cache/packer
2022/09/20 13:57:18 Old default config directory found: /Users/wolfgang.huse/.packer.d
2022/09/20 13:57:18 [TRACE] validateValue: not active for nutanix_username, so skipping
2022/09/20 13:57:18 [TRACE] validateValue: not active for nutanix_password, so skipping
2022/09/20 13:57:18 [TRACE] validateValue: not active for nutanix_port, so skipping
2022/09/20 13:57:18 [TRACE] validateValue: not active for nutanix_insecure, so skipping
2022/09/20 13:57:18 [TRACE] validateValue: not active for nutanix_cluster, so skipping
2022/09/20 13:57:18 [TRACE] validateValue: not active for windows_2016_iso_image_name, so skipping
2022/09/20 13:57:18 [TRACE] validateValue: not active for nutanix_endpoint, so skipping
2022/09/20 13:57:18 [TRACE] validateValue: not active for nutanix_subnet, so skipping
2022/09/20 13:57:18 [TRACE] validateValue: not active for centos_iso_image_name, so skipping
2022/09/20 13:57:18 [TRACE] validateValue: not active for centos_disk_image_name, so skipping
2022/09/20 13:57:18 [TRACE] validateValue: not active for virtio_iso_image_name, so skipping
2022/09/20 13:57:18 [TRACE] Starting external plugin /Users/wolfgang.huse/.packer.d/plugins/packer-plugin-nutanix start builder -packer-default-plugin-name-
2022/09/20 13:57:18 Starting plugin: /Users/wolfgang.huse/.packer.d/plugins/packer-plugin-nutanix []string{"/Users/wolfgang.huse/.packer.d/plugins/packer-plugin-nutanix", "start", "builder", "-packer-default-plugin-name-"}
2022/09/20 13:57:18 Waiting for RPC address for: /Users/wolfgang.huse/.packer.d/plugins/packer-plugin-nutanix
2022/09/20 13:57:18 packer-plugin-nutanix plugin: 2022/09/20 13:57:18 Plugin address: unix /var/folders/gc/dh2tp3pd22s5cc6bfjkx0xj80000gn/T/packer-plugin3044087398
2022/09/20 13:57:18 packer-plugin-nutanix plugin: 2022/09/20 13:57:18 Waiting for connection...
2022/09/20 13:57:18 Received unix RPC address for /Users/wolfgang.huse/.packer.d/plugins/packer-plugin-nutanix: addr is /var/folders/gc/dh2tp3pd22s5cc6bfjkx0xj80000gn/T/packer-plugin3044087398
2022/09/20 13:57:18 packer-plugin-nutanix plugin: 2022/09/20 13:57:18 Serving a plugin connection...
2022/09/20 13:57:18 packer-plugin-nutanix plugin: 2022/09/20 13:57:18 [TRACE] starting builder -packer-default-plugin-name-
2022/09/20 13:57:18 ConfigSpec failed: gob: type cty.Type has no exported fields
2022/09/20 13:57:18 waiting for all plugin processes to complete...
2022/09/20 13:57:18 /Users/wolfgang.huse/.packer.d/plugins/packer-plugin-nutanix: plugin process exited
panic: ConfigSpec failed: gob: type cty.Type has no exported fields [recovered]
	panic: ConfigSpec failed: gob: type cty.Type has no exported fields

goroutine 1 [running]:
log.Panic({0xc00071ece8, 0xc00071ed28, 0xc00071ed58})
	/usr/local/go/src/log/log.go:354 +0x65
github.com/hashicorp/packer/packer.(*cmdBuilder).checkExit(0x90, {0x4d31360, 0xc0003b2170}, 0x0)
	/home/circleci/project/packer/packer/cmd_builder.go:47 +0x7f
github.com/hashicorp/packer/packer.(*cmdBuilder).ConfigSpec.func1()
	/home/circleci/project/packer/packer/cmd_builder.go:19 +0x39
panic({0x4d31360, 0xc0003b2170})
	/usr/local/go/src/runtime/panic.go:1038 +0x215
github.com/hashicorp/packer-plugin-sdk/rpc.(*commonClient).ConfigSpec(0xc000522000)
	/home/circleci/go/pkg/mod/github.com/hashicorp/packer-plugin-sdk@v0.2.7/rpc/common.go:44 +0x297
github.com/hashicorp/packer/packer.(*cmdBuilder).ConfigSpec(0x0)
	/home/circleci/project/packer/packer/cmd_builder.go:22 +0x65
github.com/hashicorp/packer/hcl2template.decodeHCL2Spec({0x64e9068, 0xc000ced8c0}, 0xc000124138, {0xce18750, 0xc000124138})
	/home/circleci/project/packer/hcl2template/decode.go:17 +0x39
github.com/hashicorp/packer/hcl2template.(*PackerConfig).startBuilder(0xc0001603c0, {{{0xc0006866f7, 0x7}, {0xc0006866ff, 0x6}}, {0x0, 0x0}, {0x64e9068, 0xc000ced8c0}}, 0xc0001cdba8)
	/home/circleci/project/packer/hcl2template/types.source.go:116 +0x2b7
github.com/hashicorp/packer/hcl2template.(*PackerConfig).GetBuilds(0xc0001603c0, {{0x0, 0x0, 0x0}, {0x0, 0x0, 0x0}, 0x0, 0x0, {0x0, ...}, ...})
	/home/circleci/project/packer/hcl2template/types.packer_config.go:633 +0xe7f
github.com/hashicorp/packer/command.(*ValidateCommand).RunContext(0xc0003e4210, {0xc0001181a0, 0x1}, 0xc0004b2000)
	/home/circleci/project/packer/command/validate.go:67 +0x182
github.com/hashicorp/packer/command.(*ValidateCommand).Run(0xc0003e4210, {0xc0001181a0, 0x1, 0x1})
	/home/circleci/project/packer/command/validate.go:25 +0xc5
github.com/mitchellh/cli.(*CLI).Run(0xc000398a00)
	/home/circleci/go/pkg/mod/github.com/mitchellh/cli@v1.1.2/cli.go:262 +0x5f8
main.wrappedMain()
	/home/circleci/project/packer/main.go:262 +0xae5
main.realMain()
	/home/circleci/project/packer/main.go:49 +0xf3
main.main()
	/home/circleci/project/packer/main.go:35 +0x19
